Script started on Thu Jul 30 21:59:23 2020
/Users/ryota/.zshrc:1: no such file or directory: evalsource "/usr/local/Cellar/anyenv/1.1.1/libexec/../completions/anyenv.zsh"\nanyenv() {\n  typeset command\n  command="$1"\n  if [ "$#" -gt 0 ]; then\n    shift\n  fi\n  command anyenv "$command" "$@"\n}\nexport PYENV_ROOT="/Users/ryota/.anyenv/envs/pyenv"\nexport PATH="/Users/ryota/.anyenv/envs/pyenv/bin:$PATH"\nexport PATH="/Users/ryota/.anyenv/envs/pyenv/shims:${PATH}"\nexport PYENV_SHELL=zsh\nsource '/Users/ryota/.anyenv/envs/pyenv/libexec/../completions/pyenv.zsh'\ncommand pyenv rehash 2>/dev/null\npyenv() {\n  local command\n  command="${1:-}"\n  if [ "$#" -gt 0 ]; then\n    shift\n  fi\n\n  case "$command" in\n  rehash|shell)\n    eval "$(pyenv "sh-$command" "$@")";;\n  *)\n    command pyenv "$command" "$@";;\n  esac\n}
[1m[7m%[27m[1m[0m                                                                                ]7;file://Mac-mini.local/Users/ryota/Desktop/project[0m[27m[24m[Jryota@Mac-mini project % [K[?2004hpython3 mecab.py comment.txt[?2004l
ああ
0.44418493
！
0.4021947
た
0.19062316
やっ
0.34837416
おお
0.16003956
え
0.12174082
・
0.08627938
□
0.1359938
が
0.1252484
て
0.13685848
　
ーー
の
ﾟ
くる
ぞ
ここ
う
で
あ
鳥肌
…
き
うう
いい
千早
。
ん
だ
は
に
!
よ
■
を
な
歩こ
ざわ
やばい
し
この
っ
涙
や
てる
も
涙腺
おおお
∀
～
ハッ
なく
ない
わ
もう
ゲリラ
うわ
感動
\
n
けど
回
い
アイマス
です
ω
みんな
これ
)
崩壊
ｖ
!!
スリラ
マニラ
マイク
ち
ㅤ
ぜ
か
ある
何
来る
(´；
人
いる
べ
なっ
好き
お
と
あかん
見
から
号泣
泣ける
(
千
早
─
連れ
？
アルコール
歌姫
きた
時
タオル
たっ
ざわざわ
画面
ーーーー
出
って
ね
＾
；`)
ﾌﾞﾜｯ
ちゃん
なんか
歌う
皆
歌える
ねえ
泣い
たら
ワロタ
ロリ
でん
おい
どう
幼い
シーン
やば
すぎる
ｷﾀ
ｗｗ
ﾍ
√
ﾚ
ォォ
口当たり
バニラ
前
信じ
ステージ
立っ
する
ガチ
はや
こと
今
すげ
ｗｗｗ
ブッツピ
)━━━━!!
神
ブンツクツッツ
」
来
いっ
け
泣け
ｔ
反則
ラップ
ハンカチ
ッホ
ァ
；｀)
泣き
こう
｡
Д
.......
°°
やあ
口
ニコニコ
※
準備
オッパイ
無い
霊感
俺
うん
拭けよ
エンブレム
ティターンズ
止まら
ぼやけ
www
バス
よく
知ら
ごめん
どど
ど
ｄ
スゴイ
７
６
５
プロ
～～～～＞＜　　　
すぎ
チー
輝い
音楽
会
いけ
女の子
トラウマ
思いだし
声
おかげ
よう
音源
一番
(/_;)
zawa
思っ
ちゃっ
72
とか
バカ
でき
なる
おさまら
～～～
ポジション
真
ひいき
こっ
ばい
シナリオ
わから
傑作
まう
！！！！！！
っけ
ぐす
ｂｂｂ
ﾌﾞｯﾌﾞﾂﾌﾞﾂﾌﾞｯﾌﾞﾂ
みじん
見え
くれる
自分
励まさ
れる
ば
２
目
最終
章
コメント
非
表示
頑張れ
ためらう
手
繋ぐ
～(
ォォォォォォォォォォォォォォォォォォォォォォォォ
ブンツカブンツカ
つれ
みな
ぎっっってきた
ｗｗｗｗｗｗｗｗｗｗｗｗｗ
注意
大丈夫
おろし
向い
とかそ
ゆ
枠
超え
すごい
曲
あー
..
下ろし
むい
また
一緒
ので
最高
百
合
顔
うむ
確信
本当
演出
細かい
なー
下し
子供
おれ
おもた
thank
you
for
break
ツッピ
ツップ
さぁ
ｷﾀｷﾀｷﾀｷﾀ
━━━(
≡(
≡
)≡
ウホウホウホ
黒井
「
ﾌﾞﾝﾂｸﾂｯﾂ
度
えー
病み上がり
一
立た
せる
P
ーーーーーー
歩ける
時報
スリラー
オホ
トドメ
一撃
今井
さ
～～～～～～～～～～
くね
まだ
用意
ふ
ゃんにゃん
カット
ｗ
トランザム
WWWWWWWWWWW
絶対
惚れる
だろ
えん
ヤバイ・・・
キタ
ぁぁぁぁ
ぁぁぁぁぁ
あか
!!!(´；
ˋ
すばらしかっ
アンク
肌
100
以上
とまら
ワンワンウオ
－－－－－－－－－－－－－－
／
″
泣く
うたっ
じゃ
入り
方
ぇ
⊃
⊂
復活
ヤバ
ラテン
農民
！！！！！！！！
心
嬉しかっ
ｷﾀｧｧｧｧｧ
EXTRA
よっ
ぁ
もん
ﾌﾞﾜ
友情
パワー
ええ
ぁあああ
yatta
あんまり
一瞬
音
途切れる
2
くらい
越え
´
｀
ｼｬﾍﾞｯﾀｧｱｱ
‼
︎
あるこ
ぉ
ぁあぁぁ
ぉっしゃぁぁ
(＞_＜)
ヤッタ
キターーーー
＝
(=^･^=)
総立ち
ーーーーーーーーーーーーーーーーーーーーーーーーー
ＦＯＯＯＯＯ
yata
!!!
もどっ
ﾔﾍﾞｪ
画質
.................
━━━━(
まじ
ーーーーーーーーーーーーー
ーーー
１
マジ
青い
っす
今年
アニメ
最大
瞬間
風速
ブワッ
ダメ
だっ
w
↓
今度
その
ネタ
本家
持ち出し
縫い合わす
熱かっ
□□□□■■■□□□□□□□□□□□□□□■■□■
クッソ
キタァーーー
律子
押さえる
とこ
！！！！！！！
0.5674443503526303
0.18987121975720195
[1m[7m%[27m[1m[0m                                                                                ]7;file://Mac-mini.local/Users/ryota/Desktop/project[0m[27m[24m[Jryota@Mac-mini project % [K[?2004heexit[?2004l

Script done on Thu Jul 30 22:02:04 2020
